INFO:gensim.utils:loading Word2Vec object from /home/zqz/Work/data/semrerank/embeddings/em_g-uni-sg-100-w3-m1.model
INFO:gensim.utils:loading wv recursively from /home/zqz/Work/data/semrerank/embeddings/em_g-uni-sg-100-w3-m1.model.wv.* with mmap=None
INFO:gensim.utils:setting ignored attribute syn0norm to None
INFO:gensim.utils:setting ignored attribute cum_table to None
INFO:gensim.utils:loaded /home/zqz/Work/data/semrerank/embeddings/em_g-uni-sg-100-w3-m1.model
INFO:graph.semrerank_doc_base:Loading extracted terms by JATE...
INFO:graph.semrerank_doc_base:	 loaded 2000
INFO:graph.semrerank_doc_base:	 loaded 4000
INFO:graph.semrerank_doc_base:	 loaded 6000
INFO:graph.semrerank_doc_base:	 loaded 8000
INFO:graph.semrerank_doc_base:	 loaded 10000
INFO:graph.semrerank_doc_base:	 loaded 12000
INFO:graph.semrerank_doc_base:	 loaded 14000
INFO:graph.semrerank_doc_base:	 loaded 16000
INFO:graph.semrerank_doc_base:	 loaded 18000
INFO:graph.semrerank_doc_base:	 loaded 20000
INFO:graph.semrerank_doc_base:	 loaded 22000
INFO:graph.semrerank_doc_base:	 loaded 24000
INFO:graph.semrerank_doc_base:	 loaded 26000
INFO:graph.semrerank_doc_base:	 loaded 28000
INFO:graph.semrerank_doc_base:	 loaded 30000
INFO:graph.semrerank_doc_base:	 loaded 32000
INFO:graph.semrerank_doc_base:	 loaded 34000
INFO:graph.semrerank_doc_base:	 loaded 36000
INFO:graph.semrerank_doc_base:	 loaded 38000
INFO:graph.semrerank_doc_base:	 loaded 40000
INFO:graph.semrerank_doc_base:	 loaded 42000
INFO:graph.semrerank_doc_base:	 loaded 44000
INFO:graph.semrerank_doc_base:	 loaded 46000
INFO:graph.semrerank_doc_base:	 loaded 48000
INFO:graph.semrerank_doc_base:	 loaded 50000
INFO:graph.semrerank_doc_base:	 loaded 52000
INFO:graph.semrerank_doc_base:	 loaded 54000
INFO:graph.semrerank_doc_base:	 loaded 56000
INFO:graph.semrerank_doc_base:Loading extracted terms by JATE...
INFO:graph.semrerank_doc_base:	 loaded 2000
INFO:graph.semrerank_doc_base:	 loaded 4000
INFO:graph.semrerank_doc_base:	 loaded 6000
INFO:graph.semrerank_doc_base:	 loaded 8000
INFO:graph.semrerank_doc_base:	 loaded 10000
INFO:graph.semrerank_doc_base:	 loaded 12000
INFO:graph.semrerank_doc_base:	 loaded 14000
INFO:graph.semrerank_doc_base:	 loaded 16000
INFO:graph.semrerank_doc_base:	 loaded 18000
INFO:graph.semrerank_doc_base:	 loaded 20000
INFO:graph.semrerank_doc_base:	 loaded 22000
INFO:graph.semrerank_doc_base:	 loaded 24000
INFO:graph.semrerank_doc_base:	 loaded 26000
INFO:graph.semrerank_doc_base:	 loaded 28000
INFO:graph.semrerank_doc_base:	 loaded 30000
INFO:graph.semrerank_doc_base:	 loaded 32000
INFO:graph.semrerank_doc_base:	 loaded 34000
INFO:graph.semrerank_doc_base:	 loaded 36000
INFO:graph.semrerank_doc_base:	 loaded 38000
INFO:graph.semrerank_doc_base:	 loaded 40000
INFO:graph.semrerank_doc_base:	 loaded 42000
INFO:graph.semrerank_doc_base:	 loaded 44000
INFO:graph.semrerank_doc_base:	 loaded 46000
INFO:graph.semrerank_doc_base:	 loaded 48000
INFO:graph.semrerank_doc_base:	 loaded 50000
INFO:graph.semrerank_doc_base:	 loaded 52000
INFO:graph.semrerank_doc_base:	 loaded 54000
INFO:graph.semrerank_doc_base:	 loaded 56000
INFO:graph.semrerank_doc_base:Loading extracted terms by JATE...
INFO:graph.semrerank_doc_base:	 loaded 2000
INFO:graph.semrerank_doc_base:	 loaded 4000
INFO:graph.semrerank_doc_base:	 loaded 6000
INFO:graph.semrerank_doc_base:	 loaded 8000
INFO:graph.semrerank_doc_base:	 loaded 10000
INFO:graph.semrerank_doc_base:	 loaded 12000
INFO:graph.semrerank_doc_base:	 loaded 14000
INFO:graph.semrerank_doc_base:	 loaded 16000
INFO:graph.semrerank_doc_base:	 loaded 18000
INFO:graph.semrerank_doc_base:	 loaded 20000
INFO:graph.semrerank_doc_base:	 loaded 22000
INFO:graph.semrerank_doc_base:	 loaded 24000
INFO:graph.semrerank_doc_base:	 loaded 26000
INFO:graph.semrerank_doc_base:	 loaded 28000
INFO:graph.semrerank_doc_base:	 loaded 30000
INFO:graph.semrerank_doc_base:	 loaded 32000
INFO:graph.semrerank_doc_base:	 loaded 34000
INFO:graph.semrerank_doc_base:	 loaded 36000
INFO:graph.semrerank_doc_base:	 loaded 38000
INFO:graph.semrerank_doc_base:	 loaded 40000
INFO:graph.semrerank_doc_base:	 loaded 42000
INFO:graph.semrerank_doc_base:	 loaded 44000
INFO:graph.semrerank_doc_base:	 loaded 46000
INFO:graph.semrerank_doc_base:	 loaded 48000
INFO:graph.semrerank_doc_base:	 loaded 50000
INFO:graph.semrerank_doc_base:	 loaded 52000
INFO:graph.semrerank_doc_base:	 loaded 54000
INFO:graph.semrerank_doc_base:	 loaded 56000
INFO:graph.semrerank_doc_base:Loading extracted terms by JATE...
INFO:graph.semrerank_doc_base:	 loaded 2000
INFO:graph.semrerank_doc_base:	 loaded 4000
INFO:graph.semrerank_doc_base:	 loaded 6000
INFO:graph.semrerank_doc_base:	 loaded 8000
INFO:graph.semrerank_doc_base:	 loaded 10000
INFO:graph.semrerank_doc_base:	 loaded 12000
INFO:graph.semrerank_doc_base:	 loaded 14000
INFO:graph.semrerank_doc_base:	 loaded 16000
INFO:graph.semrerank_doc_base:	 loaded 18000
INFO:graph.semrerank_doc_base:	 loaded 20000
INFO:graph.semrerank_doc_base:	 loaded 22000
INFO:graph.semrerank_doc_base:	 loaded 24000
INFO:graph.semrerank_doc_base:	 loaded 26000
INFO:graph.semrerank_doc_base:	 loaded 28000
INFO:graph.semrerank_doc_base:	 loaded 30000
INFO:graph.semrerank_doc_base:	 loaded 32000
INFO:graph.semrerank_doc_base:	 loaded 34000
INFO:graph.semrerank_doc_base:	 loaded 36000
INFO:graph.semrerank_doc_base:	 loaded 38000
INFO:graph.semrerank_doc_base:	 loaded 40000
INFO:graph.semrerank_doc_base:	 loaded 42000
INFO:graph.semrerank_doc_base:	 loaded 44000
INFO:graph.semrerank_doc_base:	 loaded 46000
INFO:graph.semrerank_doc_base:	 loaded 48000
INFO:graph.semrerank_doc_base:	 loaded 50000
INFO:graph.semrerank_doc_base:	 loaded 52000
INFO:graph.semrerank_doc_base:	 loaded 54000
INFO:graph.semrerank_doc_base:	 loaded 56000
INFO:graph.semrerank_doc_base:Loading extracted terms by JATE...
INFO:graph.semrerank_doc_base:	 loaded 2000
INFO:graph.semrerank_doc_base:	 loaded 4000
INFO:graph.semrerank_doc_base:	 loaded 6000
INFO:graph.semrerank_doc_base:	 loaded 8000
INFO:graph.semrerank_doc_base:	 loaded 10000
INFO:graph.semrerank_doc_base:	 loaded 12000
INFO:graph.semrerank_doc_base:	 loaded 14000
INFO:graph.semrerank_doc_base:	 loaded 16000
INFO:graph.semrerank_doc_base:	 loaded 18000
INFO:graph.semrerank_doc_base:	 loaded 20000
INFO:graph.semrerank_doc_base:	 loaded 22000
INFO:graph.semrerank_doc_base:	 loaded 24000
INFO:graph.semrerank_doc_base:	 loaded 26000
INFO:graph.semrerank_doc_base:	 loaded 28000
INFO:graph.semrerank_doc_base:	 loaded 30000
INFO:graph.semrerank_doc_base:	 loaded 32000
INFO:graph.semrerank_doc_base:	 loaded 34000
INFO:graph.semrerank_doc_base:	 loaded 36000
INFO:graph.semrerank_doc_base:	 loaded 38000
INFO:graph.semrerank_doc_base:	 loaded 40000
INFO:graph.semrerank_doc_base:	 loaded 42000
INFO:graph.semrerank_doc_base:	 loaded 44000
INFO:graph.semrerank_doc_base:	 loaded 46000
INFO:graph.semrerank_doc_base:	 loaded 48000
INFO:graph.semrerank_doc_base:	 loaded 50000
INFO:graph.semrerank_doc_base:	 loaded 52000
INFO:graph.semrerank_doc_base:	 loaded 54000
INFO:graph.semrerank_doc_base:	 loaded 56000
INFO:graph.semrerank_doc_base:Loading extracted terms by JATE...
INFO:graph.semrerank_doc_base:	 loaded 2000
INFO:graph.semrerank_doc_base:	 loaded 4000
INFO:graph.semrerank_doc_base:	 loaded 6000
INFO:graph.semrerank_doc_base:	 loaded 8000
INFO:graph.semrerank_doc_base:	 loaded 10000
INFO:graph.semrerank_doc_base:	 loaded 12000
INFO:graph.semrerank_doc_base:	 loaded 14000
INFO:graph.semrerank_doc_base:	 loaded 16000
INFO:graph.semrerank_doc_base:	 loaded 18000
INFO:graph.semrerank_doc_base:	 loaded 20000
INFO:graph.semrerank_doc_base:	 loaded 22000
INFO:graph.semrerank_doc_base:	 loaded 24000
INFO:graph.semrerank_doc_base:	 loaded 26000
INFO:graph.semrerank_doc_base:	 loaded 28000
INFO:graph.semrerank_doc_base:	 loaded 30000
INFO:graph.semrerank_doc_base:	 loaded 32000
INFO:graph.semrerank_doc_base:	 loaded 34000
INFO:graph.semrerank_doc_base:	 loaded 36000
INFO:graph.semrerank_doc_base:	 loaded 38000
INFO:graph.semrerank_doc_base:	 loaded 40000
INFO:graph.semrerank_doc_base:	 loaded 42000
INFO:graph.semrerank_doc_base:	 loaded 44000
INFO:graph.semrerank_doc_base:	 loaded 46000
INFO:graph.semrerank_doc_base:	 loaded 48000
INFO:graph.semrerank_doc_base:	 loaded 50000
INFO:graph.semrerank_doc_base:	 loaded 52000
INFO:graph.semrerank_doc_base:	 loaded 54000
INFO:graph.semrerank_doc_base:	 loaded 56000
INFO:graph.semrerank_doc_base:Loading extracted terms by JATE...
INFO:graph.semrerank_doc_base:	 loaded 2000
INFO:graph.semrerank_doc_base:	 loaded 4000
INFO:graph.semrerank_doc_base:	 loaded 6000
INFO:graph.semrerank_doc_base:	 loaded 8000
INFO:graph.semrerank_doc_base:	 loaded 10000
INFO:graph.semrerank_doc_base:	 loaded 12000
INFO:graph.semrerank_doc_base:	 loaded 14000
INFO:graph.semrerank_doc_base:	 loaded 16000
INFO:graph.semrerank_doc_base:	 loaded 18000
INFO:graph.semrerank_doc_base:	 loaded 20000
INFO:graph.semrerank_doc_base:	 loaded 22000
INFO:graph.semrerank_doc_base:	 loaded 24000
INFO:graph.semrerank_doc_base:	 loaded 26000
INFO:graph.semrerank_doc_base:	 loaded 28000
INFO:graph.semrerank_doc_base:	 loaded 30000
INFO:graph.semrerank_doc_base:	 loaded 32000
INFO:graph.semrerank_doc_base:	 loaded 34000
INFO:graph.semrerank_doc_base:	 loaded 36000
INFO:graph.semrerank_doc_base:	 loaded 38000
INFO:graph.semrerank_doc_base:	 loaded 40000
INFO:graph.semrerank_doc_base:	 loaded 42000
INFO:graph.semrerank_doc_base:	 loaded 44000
INFO:graph.semrerank_doc_base:	 loaded 46000
INFO:graph.semrerank_doc_base:	 loaded 48000
INFO:graph.semrerank_doc_base:	 loaded 50000
INFO:graph.semrerank_doc_base:	 loaded 52000
INFO:graph.semrerank_doc_base:	 loaded 54000
INFO:graph.semrerank_doc_base:	 loaded 56000
INFO:graph.semrerank_doc_base:Loading extracted terms by JATE...
INFO:graph.semrerank_doc_base:	 loaded 2000
INFO:graph.semrerank_doc_base:	 loaded 4000
INFO:graph.semrerank_doc_base:	 loaded 6000
INFO:graph.semrerank_doc_base:	 loaded 8000
INFO:graph.semrerank_doc_base:	 loaded 10000
INFO:graph.semrerank_doc_base:	 loaded 12000
INFO:graph.semrerank_doc_base:	 loaded 14000
INFO:graph.semrerank_doc_base:	 loaded 16000
INFO:graph.semrerank_doc_base:	 loaded 18000
INFO:graph.semrerank_doc_base:	 loaded 20000
INFO:graph.semrerank_doc_base:	 loaded 22000
INFO:graph.semrerank_doc_base:	 loaded 24000
INFO:graph.semrerank_doc_base:	 loaded 26000
INFO:graph.semrerank_doc_base:	 loaded 28000
INFO:graph.semrerank_doc_base:	 loaded 30000
INFO:graph.semrerank_doc_base:	 loaded 32000
INFO:graph.semrerank_doc_base:	 loaded 34000
INFO:graph.semrerank_doc_base:	 loaded 36000
INFO:graph.semrerank_doc_base:	 loaded 38000
INFO:graph.semrerank_doc_base:	 loaded 40000
INFO:graph.semrerank_doc_base:	 loaded 42000
INFO:graph.semrerank_doc_base:	 loaded 44000
INFO:graph.semrerank_doc_base:	 loaded 46000
INFO:graph.semrerank_doc_base:	 loaded 48000
INFO:graph.semrerank_doc_base:	 loaded 50000
INFO:graph.semrerank_doc_base:	 loaded 52000
INFO:graph.semrerank_doc_base:	 loaded 54000
INFO:graph.semrerank_doc_base:	 loaded 56000
INFO:graph.semrerank_doc_base:Loading extracted terms by JATE...
INFO:graph.semrerank_doc_base:	 loaded 2000
INFO:graph.semrerank_doc_base:	 loaded 4000
INFO:graph.semrerank_doc_base:	 loaded 6000
INFO:graph.semrerank_doc_base:	 loaded 8000
INFO:graph.semrerank_doc_base:	 loaded 10000
INFO:graph.semrerank_doc_base:	 loaded 12000
INFO:graph.semrerank_doc_base:	 loaded 14000
INFO:graph.semrerank_doc_base:	 loaded 16000
INFO:graph.semrerank_doc_base:	 loaded 18000
INFO:graph.semrerank_doc_base:	 loaded 20000
INFO:graph.semrerank_doc_base:	 loaded 22000
INFO:graph.semrerank_doc_base:	 loaded 24000
INFO:graph.semrerank_doc_base:	 loaded 26000
INFO:graph.semrerank_doc_base:	 loaded 28000
INFO:graph.semrerank_doc_base:	 loaded 30000
INFO:graph.semrerank_doc_base:	 loaded 32000
INFO:graph.semrerank_doc_base:	 loaded 34000
INFO:graph.semrerank_doc_base:	 loaded 36000
INFO:graph.semrerank_doc_base:	 loaded 38000
INFO:graph.semrerank_doc_base:	 loaded 40000
INFO:graph.semrerank_doc_base:	 loaded 42000
INFO:graph.semrerank_doc_base:	 loaded 44000
INFO:graph.semrerank_doc_base:	 loaded 46000
INFO:graph.semrerank_doc_base:	 loaded 48000
INFO:graph.semrerank_doc_base:	 loaded 50000
INFO:graph.semrerank_doc_base:	 loaded 52000
INFO:graph.semrerank_doc_base:	 loaded 54000
INFO:graph.semrerank_doc_base:	 loaded 56000
INFO:gensim.utils:loading Word2Vec object from /home/zqz/Work/data/semrerank/embeddings/em_g-uni-sg-100-w3-m1.model
INFO:gensim.utils:loading wv recursively from /home/zqz/Work/data/semrerank/embeddings/em_g-uni-sg-100-w3-m1.model.wv.* with mmap=None
INFO:gensim.utils:setting ignored attribute syn0norm to None
INFO:gensim.utils:setting ignored attribute cum_table to None
INFO:gensim.utils:loaded /home/zqz/Work/data/semrerank/embeddings/em_g-uni-sg-100-w3-m1.model
INFO:graph.semrerank_doc_base:Loading extracted terms by JATE...
INFO:graph.semrerank_doc_base:	 loaded 2000
INFO:graph.semrerank_doc_base:	 loaded 4000
INFO:graph.semrerank_doc_base:	 loaded 6000
INFO:graph.semrerank_doc_base:	 loaded 8000
INFO:graph.semrerank_doc_base:	 loaded 10000
INFO:graph.semrerank_doc_base:	 loaded 12000
INFO:graph.semrerank_doc_base:	 loaded 14000
INFO:graph.semrerank_doc_base:	 loaded 16000
INFO:graph.semrerank_doc_base:	 loaded 18000
INFO:graph.semrerank_doc_base:	 loaded 20000
INFO:graph.semrerank_doc_base:	 loaded 22000
INFO:graph.semrerank_doc_base:	 loaded 24000
INFO:graph.semrerank_doc_base:	 loaded 26000
INFO:graph.semrerank_doc_base:	 loaded 28000
INFO:graph.semrerank_doc_base:	 loaded 30000
INFO:graph.semrerank_doc_base:	 loaded 32000
INFO:graph.semrerank_doc_base:	 loaded 34000
INFO:graph.semrerank_doc_base:	 loaded 36000
INFO:graph.semrerank_doc_base:	 loaded 38000
INFO:graph.semrerank_doc_base:	 loaded 40000
INFO:graph.semrerank_doc_base:	 loaded 42000
INFO:graph.semrerank_doc_base:	 loaded 44000
INFO:graph.semrerank_doc_base:	 loaded 46000
INFO:graph.semrerank_doc_base:	 loaded 48000
INFO:graph.semrerank_doc_base:	 loaded 50000
INFO:graph.semrerank_doc_base:	 loaded 52000
INFO:graph.semrerank_doc_base:	 loaded 54000
INFO:graph.semrerank_doc_base:	 loaded 56000
INFO:graph.semrerank_doc_base:Loading extracted terms by JATE...
INFO:graph.semrerank_doc_base:	 loaded 2000
INFO:graph.semrerank_doc_base:	 loaded 4000
INFO:graph.semrerank_doc_base:	 loaded 6000
INFO:graph.semrerank_doc_base:	 loaded 8000
INFO:graph.semrerank_doc_base:	 loaded 10000
INFO:graph.semrerank_doc_base:	 loaded 12000
INFO:graph.semrerank_doc_base:	 loaded 14000
INFO:graph.semrerank_doc_base:	 loaded 16000
INFO:graph.semrerank_doc_base:	 loaded 18000
INFO:graph.semrerank_doc_base:	 loaded 20000
INFO:graph.semrerank_doc_base:	 loaded 22000
INFO:graph.semrerank_doc_base:	 loaded 24000
INFO:graph.semrerank_doc_base:	 loaded 26000
INFO:graph.semrerank_doc_base:	 loaded 28000
INFO:graph.semrerank_doc_base:	 loaded 30000
INFO:graph.semrerank_doc_base:	 loaded 32000
INFO:graph.semrerank_doc_base:	 loaded 34000
INFO:graph.semrerank_doc_base:	 loaded 36000
INFO:graph.semrerank_doc_base:	 loaded 38000
INFO:graph.semrerank_doc_base:	 loaded 40000
INFO:graph.semrerank_doc_base:	 loaded 42000
INFO:graph.semrerank_doc_base:	 loaded 44000
INFO:graph.semrerank_doc_base:	 loaded 46000
INFO:graph.semrerank_doc_base:	 loaded 48000
INFO:graph.semrerank_doc_base:	 loaded 50000
INFO:graph.semrerank_doc_base:	 loaded 52000
INFO:graph.semrerank_doc_base:	 loaded 54000
INFO:graph.semrerank_doc_base:	 loaded 56000
INFO:graph.semrerank_doc_base:Loading extracted terms by JATE...
INFO:graph.semrerank_doc_base:	 loaded 2000
INFO:graph.semrerank_doc_base:	 loaded 4000
INFO:graph.semrerank_doc_base:	 loaded 6000
INFO:graph.semrerank_doc_base:	 loaded 8000
INFO:graph.semrerank_doc_base:	 loaded 10000
INFO:graph.semrerank_doc_base:	 loaded 12000
INFO:graph.semrerank_doc_base:	 loaded 14000
INFO:graph.semrerank_doc_base:	 loaded 16000
INFO:graph.semrerank_doc_base:	 loaded 18000
INFO:graph.semrerank_doc_base:	 loaded 20000
INFO:graph.semrerank_doc_base:	 loaded 22000
INFO:graph.semrerank_doc_base:	 loaded 24000
INFO:graph.semrerank_doc_base:	 loaded 26000
INFO:graph.semrerank_doc_base:	 loaded 28000
INFO:graph.semrerank_doc_base:	 loaded 30000
INFO:graph.semrerank_doc_base:	 loaded 32000
INFO:graph.semrerank_doc_base:	 loaded 34000
INFO:graph.semrerank_doc_base:	 loaded 36000
INFO:graph.semrerank_doc_base:	 loaded 38000
INFO:graph.semrerank_doc_base:	 loaded 40000
INFO:graph.semrerank_doc_base:	 loaded 42000
INFO:graph.semrerank_doc_base:	 loaded 44000
INFO:graph.semrerank_doc_base:	 loaded 46000
INFO:graph.semrerank_doc_base:	 loaded 48000
INFO:graph.semrerank_doc_base:	 loaded 50000
INFO:graph.semrerank_doc_base:	 loaded 52000
INFO:graph.semrerank_doc_base:	 loaded 54000
INFO:graph.semrerank_doc_base:	 loaded 56000
INFO:graph.semrerank_doc_base:Loading extracted terms by JATE...
INFO:graph.semrerank_doc_base:	 loaded 2000
INFO:graph.semrerank_doc_base:	 loaded 4000
INFO:graph.semrerank_doc_base:	 loaded 6000
INFO:graph.semrerank_doc_base:	 loaded 8000
INFO:graph.semrerank_doc_base:	 loaded 10000
INFO:graph.semrerank_doc_base:	 loaded 12000
INFO:graph.semrerank_doc_base:	 loaded 14000
INFO:graph.semrerank_doc_base:	 loaded 16000
INFO:graph.semrerank_doc_base:	 loaded 18000
INFO:graph.semrerank_doc_base:	 loaded 20000
INFO:graph.semrerank_doc_base:	 loaded 22000
INFO:graph.semrerank_doc_base:	 loaded 24000
INFO:graph.semrerank_doc_base:	 loaded 26000
INFO:graph.semrerank_doc_base:	 loaded 28000
INFO:graph.semrerank_doc_base:	 loaded 30000
INFO:graph.semrerank_doc_base:	 loaded 32000
INFO:graph.semrerank_doc_base:	 loaded 34000
INFO:graph.semrerank_doc_base:	 loaded 36000
INFO:graph.semrerank_doc_base:	 loaded 38000
INFO:graph.semrerank_doc_base:	 loaded 40000
INFO:graph.semrerank_doc_base:	 loaded 42000
INFO:graph.semrerank_doc_base:	 loaded 44000
INFO:graph.semrerank_doc_base:	 loaded 46000
INFO:graph.semrerank_doc_base:	 loaded 48000
INFO:graph.semrerank_doc_base:	 loaded 50000
INFO:graph.semrerank_doc_base:	 loaded 52000
INFO:graph.semrerank_doc_base:	 loaded 54000
INFO:graph.semrerank_doc_base:	 loaded 56000
INFO:graph.semrerank_doc_base:Loading extracted terms by JATE...
INFO:graph.semrerank_doc_base:	 loaded 2000
INFO:graph.semrerank_doc_base:	 loaded 4000
INFO:graph.semrerank_doc_base:	 loaded 6000
INFO:graph.semrerank_doc_base:	 loaded 8000
INFO:graph.semrerank_doc_base:	 loaded 10000
INFO:graph.semrerank_doc_base:	 loaded 12000
INFO:graph.semrerank_doc_base:	 loaded 14000
INFO:graph.semrerank_doc_base:	 loaded 16000
INFO:graph.semrerank_doc_base:	 loaded 18000
INFO:graph.semrerank_doc_base:	 loaded 20000
INFO:graph.semrerank_doc_base:	 loaded 22000
INFO:graph.semrerank_doc_base:	 loaded 24000
INFO:graph.semrerank_doc_base:	 loaded 26000
INFO:graph.semrerank_doc_base:	 loaded 28000
INFO:graph.semrerank_doc_base:	 loaded 30000
INFO:graph.semrerank_doc_base:	 loaded 32000
INFO:graph.semrerank_doc_base:	 loaded 34000
INFO:graph.semrerank_doc_base:	 loaded 36000
INFO:graph.semrerank_doc_base:	 loaded 38000
INFO:graph.semrerank_doc_base:	 loaded 40000
INFO:graph.semrerank_doc_base:	 loaded 42000
INFO:graph.semrerank_doc_base:	 loaded 44000
INFO:graph.semrerank_doc_base:	 loaded 46000
INFO:graph.semrerank_doc_base:	 loaded 48000
INFO:graph.semrerank_doc_base:	 loaded 50000
INFO:graph.semrerank_doc_base:	 loaded 52000
INFO:graph.semrerank_doc_base:	 loaded 54000
INFO:graph.semrerank_doc_base:	 loaded 56000
INFO:graph.semrerank_doc_base:Loading extracted terms by JATE...
INFO:graph.semrerank_doc_base:	 loaded 2000
INFO:graph.semrerank_doc_base:	 loaded 4000
INFO:graph.semrerank_doc_base:	 loaded 6000
INFO:graph.semrerank_doc_base:	 loaded 8000
INFO:graph.semrerank_doc_base:	 loaded 10000
INFO:graph.semrerank_doc_base:	 loaded 12000
INFO:graph.semrerank_doc_base:	 loaded 14000
INFO:graph.semrerank_doc_base:	 loaded 16000
INFO:graph.semrerank_doc_base:	 loaded 18000
INFO:graph.semrerank_doc_base:	 loaded 20000
INFO:graph.semrerank_doc_base:	 loaded 22000
INFO:graph.semrerank_doc_base:	 loaded 24000
INFO:graph.semrerank_doc_base:	 loaded 26000
INFO:graph.semrerank_doc_base:	 loaded 28000
INFO:graph.semrerank_doc_base:	 loaded 30000
INFO:graph.semrerank_doc_base:	 loaded 32000
INFO:graph.semrerank_doc_base:	 loaded 34000
INFO:graph.semrerank_doc_base:	 loaded 36000
INFO:graph.semrerank_doc_base:	 loaded 38000
INFO:graph.semrerank_doc_base:	 loaded 40000
INFO:graph.semrerank_doc_base:	 loaded 42000
INFO:graph.semrerank_doc_base:	 loaded 44000
INFO:graph.semrerank_doc_base:	 loaded 46000
INFO:graph.semrerank_doc_base:	 loaded 48000
INFO:graph.semrerank_doc_base:	 loaded 50000
INFO:graph.semrerank_doc_base:	 loaded 52000
INFO:graph.semrerank_doc_base:	 loaded 54000
INFO:graph.semrerank_doc_base:	 loaded 56000
INFO:graph.semrerank_doc_base:Loading extracted terms by JATE...
INFO:graph.semrerank_doc_base:	 loaded 2000
INFO:graph.semrerank_doc_base:	 loaded 4000
INFO:graph.semrerank_doc_base:	 loaded 6000
INFO:graph.semrerank_doc_base:	 loaded 8000
INFO:graph.semrerank_doc_base:	 loaded 10000
INFO:graph.semrerank_doc_base:	 loaded 12000
INFO:graph.semrerank_doc_base:	 loaded 14000
INFO:graph.semrerank_doc_base:	 loaded 16000
INFO:graph.semrerank_doc_base:	 loaded 18000
INFO:graph.semrerank_doc_base:	 loaded 20000
INFO:graph.semrerank_doc_base:	 loaded 22000
INFO:graph.semrerank_doc_base:	 loaded 24000
INFO:graph.semrerank_doc_base:	 loaded 26000
INFO:graph.semrerank_doc_base:	 loaded 28000
INFO:graph.semrerank_doc_base:	 loaded 30000
INFO:graph.semrerank_doc_base:	 loaded 32000
INFO:graph.semrerank_doc_base:	 loaded 34000
INFO:graph.semrerank_doc_base:	 loaded 36000
INFO:graph.semrerank_doc_base:	 loaded 38000
INFO:graph.semrerank_doc_base:	 loaded 40000
INFO:graph.semrerank_doc_base:	 loaded 42000
INFO:graph.semrerank_doc_base:	 loaded 44000
INFO:graph.semrerank_doc_base:	 loaded 46000
INFO:graph.semrerank_doc_base:	 loaded 48000
INFO:graph.semrerank_doc_base:	 loaded 50000
INFO:graph.semrerank_doc_base:	 loaded 52000
INFO:graph.semrerank_doc_base:	 loaded 54000
INFO:graph.semrerank_doc_base:	 loaded 56000
INFO:graph.semrerank_doc_base:Loading extracted terms by JATE...
INFO:graph.semrerank_doc_base:	 loaded 2000
INFO:graph.semrerank_doc_base:	 loaded 4000
INFO:graph.semrerank_doc_base:	 loaded 6000
INFO:graph.semrerank_doc_base:	 loaded 8000
INFO:graph.semrerank_doc_base:	 loaded 10000
INFO:graph.semrerank_doc_base:	 loaded 12000
INFO:graph.semrerank_doc_base:	 loaded 14000
INFO:graph.semrerank_doc_base:	 loaded 16000
INFO:graph.semrerank_doc_base:	 loaded 18000
INFO:graph.semrerank_doc_base:	 loaded 20000
INFO:graph.semrerank_doc_base:	 loaded 22000
INFO:graph.semrerank_doc_base:	 loaded 24000
INFO:graph.semrerank_doc_base:	 loaded 26000
INFO:graph.semrerank_doc_base:	 loaded 28000
INFO:graph.semrerank_doc_base:	 loaded 30000
INFO:graph.semrerank_doc_base:	 loaded 32000
INFO:graph.semrerank_doc_base:	 loaded 34000
INFO:graph.semrerank_doc_base:	 loaded 36000
INFO:graph.semrerank_doc_base:	 loaded 38000
INFO:graph.semrerank_doc_base:	 loaded 40000
INFO:graph.semrerank_doc_base:	 loaded 42000
INFO:graph.semrerank_doc_base:	 loaded 44000
INFO:graph.semrerank_doc_base:	 loaded 46000
INFO:graph.semrerank_doc_base:	 loaded 48000
INFO:graph.semrerank_doc_base:	 loaded 50000
INFO:graph.semrerank_doc_base:	 loaded 52000
INFO:graph.semrerank_doc_base:	 loaded 54000
INFO:graph.semrerank_doc_base:	 loaded 56000
INFO:graph.semrerank_doc_base:Loading extracted terms by JATE...
INFO:graph.semrerank_doc_base:	 loaded 2000
INFO:graph.semrerank_doc_base:	 loaded 4000
INFO:graph.semrerank_doc_base:	 loaded 6000
INFO:graph.semrerank_doc_base:	 loaded 8000
INFO:graph.semrerank_doc_base:	 loaded 10000
INFO:graph.semrerank_doc_base:	 loaded 12000
INFO:graph.semrerank_doc_base:	 loaded 14000
INFO:graph.semrerank_doc_base:	 loaded 16000
INFO:graph.semrerank_doc_base:	 loaded 18000
INFO:graph.semrerank_doc_base:	 loaded 20000
INFO:graph.semrerank_doc_base:	 loaded 22000
INFO:graph.semrerank_doc_base:	 loaded 24000
INFO:graph.semrerank_doc_base:	 loaded 26000
INFO:graph.semrerank_doc_base:	 loaded 28000
INFO:graph.semrerank_doc_base:	 loaded 30000
INFO:graph.semrerank_doc_base:	 loaded 32000
INFO:graph.semrerank_doc_base:	 loaded 34000
INFO:graph.semrerank_doc_base:	 loaded 36000
INFO:graph.semrerank_doc_base:	 loaded 38000
INFO:graph.semrerank_doc_base:	 loaded 40000
INFO:graph.semrerank_doc_base:	 loaded 42000
INFO:graph.semrerank_doc_base:	 loaded 44000
INFO:graph.semrerank_doc_base:	 loaded 46000
INFO:graph.semrerank_doc_base:	 loaded 48000
INFO:graph.semrerank_doc_base:	 loaded 50000
INFO:graph.semrerank_doc_base:	 loaded 52000
INFO:graph.semrerank_doc_base:	 loaded 54000
INFO:graph.semrerank_doc_base:	 loaded 56000
INFO:gensim.utils:loading Word2Vec object from /home/zqz/Work/data/semrerank/embeddings/em_g-uni-sg-100-w3-m1.model
INFO:gensim.utils:loading wv recursively from /home/zqz/Work/data/semrerank/embeddings/em_g-uni-sg-100-w3-m1.model.wv.* with mmap=None
INFO:gensim.utils:setting ignored attribute syn0norm to None
INFO:gensim.utils:setting ignored attribute cum_table to None
INFO:gensim.utils:loaded /home/zqz/Work/data/semrerank/embeddings/em_g-uni-sg-100-w3-m1.model
INFO:graph.semrerank_doc_base:Loading extracted terms by JATE...
INFO:graph.semrerank_doc_base:	 loaded 2000
INFO:graph.semrerank_doc_base:	 loaded 4000
INFO:graph.semrerank_doc_base:	 loaded 6000
INFO:graph.semrerank_doc_base:	 loaded 8000
INFO:graph.semrerank_doc_base:	 loaded 10000
INFO:graph.semrerank_doc_base:	 loaded 12000
INFO:graph.semrerank_doc_base:	 loaded 14000
INFO:graph.semrerank_doc_base:	 loaded 16000
INFO:graph.semrerank_doc_base:	 loaded 18000
INFO:graph.semrerank_doc_base:	 loaded 20000
INFO:graph.semrerank_doc_base:	 loaded 22000
INFO:graph.semrerank_doc_base:	 loaded 24000
INFO:graph.semrerank_doc_base:	 loaded 26000
INFO:graph.semrerank_doc_base:	 loaded 28000
INFO:graph.semrerank_doc_base:	 loaded 30000
INFO:graph.semrerank_doc_base:	 loaded 32000
INFO:graph.semrerank_doc_base:	 loaded 34000
INFO:graph.semrerank_doc_base:	 loaded 36000
INFO:graph.semrerank_doc_base:	 loaded 38000
INFO:graph.semrerank_doc_base:	 loaded 40000
INFO:graph.semrerank_doc_base:	 loaded 42000
INFO:graph.semrerank_doc_base:	 loaded 44000
INFO:graph.semrerank_doc_base:	 loaded 46000
INFO:graph.semrerank_doc_base:	 loaded 48000
INFO:graph.semrerank_doc_base:	 loaded 50000
INFO:graph.semrerank_doc_base:	 loaded 52000
INFO:graph.semrerank_doc_base:	 loaded 54000
INFO:graph.semrerank_doc_base:	 loaded 56000
INFO:graph.semrerank_doc_base:Loading extracted terms by JATE...
INFO:graph.semrerank_doc_base:	 loaded 2000
INFO:graph.semrerank_doc_base:	 loaded 4000
INFO:graph.semrerank_doc_base:	 loaded 6000
INFO:graph.semrerank_doc_base:	 loaded 8000
INFO:graph.semrerank_doc_base:	 loaded 10000
INFO:graph.semrerank_doc_base:	 loaded 12000
INFO:graph.semrerank_doc_base:	 loaded 14000
INFO:graph.semrerank_doc_base:	 loaded 16000
INFO:graph.semrerank_doc_base:	 loaded 18000
INFO:graph.semrerank_doc_base:	 loaded 20000
INFO:graph.semrerank_doc_base:	 loaded 22000
INFO:graph.semrerank_doc_base:	 loaded 24000
INFO:graph.semrerank_doc_base:	 loaded 26000
INFO:graph.semrerank_doc_base:	 loaded 28000
INFO:graph.semrerank_doc_base:	 loaded 30000
INFO:graph.semrerank_doc_base:	 loaded 32000
INFO:graph.semrerank_doc_base:	 loaded 34000
INFO:graph.semrerank_doc_base:	 loaded 36000
INFO:graph.semrerank_doc_base:	 loaded 38000
INFO:graph.semrerank_doc_base:	 loaded 40000
INFO:graph.semrerank_doc_base:	 loaded 42000
INFO:graph.semrerank_doc_base:	 loaded 44000
INFO:graph.semrerank_doc_base:	 loaded 46000
INFO:graph.semrerank_doc_base:	 loaded 48000
INFO:graph.semrerank_doc_base:	 loaded 50000
INFO:graph.semrerank_doc_base:	 loaded 52000
INFO:graph.semrerank_doc_base:	 loaded 54000
INFO:graph.semrerank_doc_base:	 loaded 56000
INFO:graph.semrerank_doc_base:Loading extracted terms by JATE...
INFO:graph.semrerank_doc_base:	 loaded 2000
INFO:graph.semrerank_doc_base:	 loaded 4000
INFO:graph.semrerank_doc_base:	 loaded 6000
INFO:graph.semrerank_doc_base:	 loaded 8000
INFO:graph.semrerank_doc_base:	 loaded 10000
INFO:graph.semrerank_doc_base:	 loaded 12000
INFO:graph.semrerank_doc_base:	 loaded 14000
INFO:graph.semrerank_doc_base:	 loaded 16000
INFO:graph.semrerank_doc_base:	 loaded 18000
INFO:graph.semrerank_doc_base:	 loaded 20000
INFO:graph.semrerank_doc_base:	 loaded 22000
INFO:graph.semrerank_doc_base:	 loaded 24000
INFO:graph.semrerank_doc_base:	 loaded 26000
INFO:graph.semrerank_doc_base:	 loaded 28000
INFO:graph.semrerank_doc_base:	 loaded 30000
INFO:graph.semrerank_doc_base:	 loaded 32000
INFO:graph.semrerank_doc_base:	 loaded 34000
INFO:graph.semrerank_doc_base:	 loaded 36000
INFO:graph.semrerank_doc_base:	 loaded 38000
INFO:graph.semrerank_doc_base:	 loaded 40000
INFO:graph.semrerank_doc_base:	 loaded 42000
INFO:graph.semrerank_doc_base:	 loaded 44000
INFO:graph.semrerank_doc_base:	 loaded 46000
INFO:graph.semrerank_doc_base:	 loaded 48000
INFO:graph.semrerank_doc_base:	 loaded 50000
INFO:graph.semrerank_doc_base:	 loaded 52000
INFO:graph.semrerank_doc_base:	 loaded 54000
INFO:graph.semrerank_doc_base:	 loaded 56000
INFO:graph.semrerank_doc_base:Loading extracted terms by JATE...
INFO:graph.semrerank_doc_base:	 loaded 2000
INFO:graph.semrerank_doc_base:	 loaded 4000
INFO:graph.semrerank_doc_base:	 loaded 6000
INFO:graph.semrerank_doc_base:	 loaded 8000
INFO:graph.semrerank_doc_base:	 loaded 10000
INFO:graph.semrerank_doc_base:	 loaded 12000
INFO:graph.semrerank_doc_base:	 loaded 14000
INFO:graph.semrerank_doc_base:	 loaded 16000
INFO:graph.semrerank_doc_base:	 loaded 18000
INFO:graph.semrerank_doc_base:	 loaded 20000
INFO:graph.semrerank_doc_base:	 loaded 22000
INFO:graph.semrerank_doc_base:	 loaded 24000
INFO:graph.semrerank_doc_base:	 loaded 26000
INFO:graph.semrerank_doc_base:	 loaded 28000
INFO:graph.semrerank_doc_base:	 loaded 30000
INFO:graph.semrerank_doc_base:	 loaded 32000
INFO:graph.semrerank_doc_base:	 loaded 34000
INFO:graph.semrerank_doc_base:	 loaded 36000
INFO:graph.semrerank_doc_base:	 loaded 38000
INFO:graph.semrerank_doc_base:	 loaded 40000
INFO:graph.semrerank_doc_base:	 loaded 42000
INFO:graph.semrerank_doc_base:	 loaded 44000
INFO:graph.semrerank_doc_base:	 loaded 46000
INFO:graph.semrerank_doc_base:	 loaded 48000
INFO:graph.semrerank_doc_base:	 loaded 50000
INFO:graph.semrerank_doc_base:	 loaded 52000
INFO:graph.semrerank_doc_base:	 loaded 54000
INFO:graph.semrerank_doc_base:	 loaded 56000
INFO:graph.semrerank_doc_base:Loading extracted terms by JATE...
INFO:graph.semrerank_doc_base:	 loaded 2000
INFO:graph.semrerank_doc_base:	 loaded 4000
INFO:graph.semrerank_doc_base:	 loaded 6000
INFO:graph.semrerank_doc_base:	 loaded 8000
INFO:graph.semrerank_doc_base:	 loaded 10000
INFO:graph.semrerank_doc_base:	 loaded 12000
INFO:graph.semrerank_doc_base:	 loaded 14000
INFO:graph.semrerank_doc_base:	 loaded 16000
INFO:graph.semrerank_doc_base:	 loaded 18000
INFO:graph.semrerank_doc_base:	 loaded 20000
INFO:graph.semrerank_doc_base:	 loaded 22000
INFO:graph.semrerank_doc_base:	 loaded 24000
INFO:graph.semrerank_doc_base:	 loaded 26000
INFO:graph.semrerank_doc_base:	 loaded 28000
INFO:graph.semrerank_doc_base:	 loaded 30000
INFO:graph.semrerank_doc_base:	 loaded 32000
INFO:graph.semrerank_doc_base:	 loaded 34000
INFO:graph.semrerank_doc_base:	 loaded 36000
INFO:graph.semrerank_doc_base:	 loaded 38000
INFO:graph.semrerank_doc_base:	 loaded 40000
INFO:graph.semrerank_doc_base:	 loaded 42000
INFO:graph.semrerank_doc_base:	 loaded 44000
INFO:graph.semrerank_doc_base:	 loaded 46000
INFO:graph.semrerank_doc_base:	 loaded 48000
INFO:graph.semrerank_doc_base:	 loaded 50000
INFO:graph.semrerank_doc_base:	 loaded 52000
INFO:graph.semrerank_doc_base:	 loaded 54000
INFO:graph.semrerank_doc_base:	 loaded 56000
INFO:graph.semrerank_doc_base:Loading extracted terms by JATE...
INFO:graph.semrerank_doc_base:	 loaded 2000
INFO:graph.semrerank_doc_base:	 loaded 4000
INFO:graph.semrerank_doc_base:	 loaded 6000
INFO:graph.semrerank_doc_base:	 loaded 8000
INFO:graph.semrerank_doc_base:	 loaded 10000
INFO:graph.semrerank_doc_base:	 loaded 12000
INFO:graph.semrerank_doc_base:	 loaded 14000
INFO:graph.semrerank_doc_base:	 loaded 16000
INFO:graph.semrerank_doc_base:	 loaded 18000
INFO:graph.semrerank_doc_base:	 loaded 20000
INFO:graph.semrerank_doc_base:	 loaded 22000
INFO:graph.semrerank_doc_base:	 loaded 24000
INFO:graph.semrerank_doc_base:	 loaded 26000
INFO:graph.semrerank_doc_base:	 loaded 28000
INFO:graph.semrerank_doc_base:	 loaded 30000
INFO:graph.semrerank_doc_base:	 loaded 32000
INFO:graph.semrerank_doc_base:	 loaded 34000
INFO:graph.semrerank_doc_base:	 loaded 36000
INFO:graph.semrerank_doc_base:	 loaded 38000
INFO:graph.semrerank_doc_base:	 loaded 40000
INFO:graph.semrerank_doc_base:	 loaded 42000
INFO:graph.semrerank_doc_base:	 loaded 44000
INFO:graph.semrerank_doc_base:	 loaded 46000
INFO:graph.semrerank_doc_base:	 loaded 48000
INFO:graph.semrerank_doc_base:	 loaded 50000
INFO:graph.semrerank_doc_base:	 loaded 52000
INFO:graph.semrerank_doc_base:	 loaded 54000
INFO:graph.semrerank_doc_base:	 loaded 56000
INFO:graph.semrerank_doc_base:Loading extracted terms by JATE...
INFO:graph.semrerank_doc_base:	 loaded 2000
INFO:graph.semrerank_doc_base:	 loaded 4000
INFO:graph.semrerank_doc_base:	 loaded 6000
INFO:graph.semrerank_doc_base:	 loaded 8000
INFO:graph.semrerank_doc_base:	 loaded 10000
INFO:graph.semrerank_doc_base:	 loaded 12000
INFO:graph.semrerank_doc_base:	 loaded 14000
INFO:graph.semrerank_doc_base:	 loaded 16000
INFO:graph.semrerank_doc_base:	 loaded 18000
INFO:graph.semrerank_doc_base:	 loaded 20000
INFO:graph.semrerank_doc_base:	 loaded 22000
INFO:graph.semrerank_doc_base:	 loaded 24000
INFO:graph.semrerank_doc_base:	 loaded 26000
INFO:graph.semrerank_doc_base:	 loaded 28000
INFO:graph.semrerank_doc_base:	 loaded 30000
INFO:graph.semrerank_doc_base:	 loaded 32000
INFO:graph.semrerank_doc_base:	 loaded 34000
INFO:graph.semrerank_doc_base:	 loaded 36000
INFO:graph.semrerank_doc_base:	 loaded 38000
INFO:graph.semrerank_doc_base:	 loaded 40000
INFO:graph.semrerank_doc_base:	 loaded 42000
INFO:graph.semrerank_doc_base:	 loaded 44000
INFO:graph.semrerank_doc_base:	 loaded 46000
INFO:graph.semrerank_doc_base:	 loaded 48000
INFO:graph.semrerank_doc_base:	 loaded 50000
INFO:graph.semrerank_doc_base:	 loaded 52000
INFO:graph.semrerank_doc_base:	 loaded 54000
INFO:graph.semrerank_doc_base:	 loaded 56000
INFO:graph.semrerank_doc_base:Loading extracted terms by JATE...
INFO:graph.semrerank_doc_base:	 loaded 2000
INFO:graph.semrerank_doc_base:	 loaded 4000
INFO:graph.semrerank_doc_base:	 loaded 6000
INFO:graph.semrerank_doc_base:	 loaded 8000
INFO:graph.semrerank_doc_base:	 loaded 10000
INFO:graph.semrerank_doc_base:	 loaded 12000
INFO:graph.semrerank_doc_base:	 loaded 14000
INFO:graph.semrerank_doc_base:	 loaded 16000
INFO:graph.semrerank_doc_base:	 loaded 18000
INFO:graph.semrerank_doc_base:	 loaded 20000
INFO:graph.semrerank_doc_base:	 loaded 22000
INFO:graph.semrerank_doc_base:	 loaded 24000
INFO:graph.semrerank_doc_base:	 loaded 26000
INFO:graph.semrerank_doc_base:	 loaded 28000
INFO:graph.semrerank_doc_base:	 loaded 30000
INFO:graph.semrerank_doc_base:	 loaded 32000
INFO:graph.semrerank_doc_base:	 loaded 34000
INFO:graph.semrerank_doc_base:	 loaded 36000
INFO:graph.semrerank_doc_base:	 loaded 38000
INFO:graph.semrerank_doc_base:	 loaded 40000
INFO:graph.semrerank_doc_base:	 loaded 42000
INFO:graph.semrerank_doc_base:	 loaded 44000
INFO:graph.semrerank_doc_base:	 loaded 46000
INFO:graph.semrerank_doc_base:	 loaded 48000
INFO:graph.semrerank_doc_base:	 loaded 50000
INFO:graph.semrerank_doc_base:	 loaded 52000
INFO:graph.semrerank_doc_base:	 loaded 54000
INFO:graph.semrerank_doc_base:	 loaded 56000
INFO:graph.semrerank_doc_base:Loading extracted terms by JATE...
INFO:graph.semrerank_doc_base:	 loaded 2000
INFO:graph.semrerank_doc_base:	 loaded 4000
INFO:graph.semrerank_doc_base:	 loaded 6000
INFO:graph.semrerank_doc_base:	 loaded 8000
INFO:graph.semrerank_doc_base:	 loaded 10000
INFO:graph.semrerank_doc_base:	 loaded 12000
INFO:graph.semrerank_doc_base:	 loaded 14000
INFO:graph.semrerank_doc_base:	 loaded 16000
INFO:graph.semrerank_doc_base:	 loaded 18000
INFO:graph.semrerank_doc_base:	 loaded 20000
INFO:graph.semrerank_doc_base:	 loaded 22000
INFO:graph.semrerank_doc_base:	 loaded 24000
INFO:graph.semrerank_doc_base:	 loaded 26000
INFO:graph.semrerank_doc_base:	 loaded 28000
INFO:graph.semrerank_doc_base:	 loaded 30000
INFO:graph.semrerank_doc_base:	 loaded 32000
INFO:graph.semrerank_doc_base:	 loaded 34000
INFO:graph.semrerank_doc_base:	 loaded 36000
INFO:graph.semrerank_doc_base:	 loaded 38000
INFO:graph.semrerank_doc_base:	 loaded 40000
INFO:graph.semrerank_doc_base:	 loaded 42000
INFO:graph.semrerank_doc_base:	 loaded 44000
INFO:graph.semrerank_doc_base:	 loaded 46000
INFO:graph.semrerank_doc_base:	 loaded 48000
INFO:graph.semrerank_doc_base:	 loaded 50000
INFO:graph.semrerank_doc_base:	 loaded 52000
INFO:graph.semrerank_doc_base:	 loaded 54000
INFO:graph.semrerank_doc_base:	 loaded 56000
